<?xml version="1.0" encoding="UTF-8"?>
<!-- Generated by org.testng.reporters.JUnitReportReporter -->
<testsuite hostname="TYSS-Varun" failures="0" tests="2" name="CrudOperationOnPetStore.DeletePetById" time="14.745" errors="0" timestamp="2024-01-18T13:15:33 IST" skipped="0">
  <testcase classname="CrudOperationOnPetStore.DeletePetById" name="postBody" time="9.562"/>
  <system-out/>
  <testcase classname="CrudOperationOnPetStore.DeletePetById" name="deleteById" time="5.183"/>
  <system-out/>
</testsuite> <!-- CrudOperationOnPetStore.DeletePetById -->
