<?xml version="1.0" encoding="UTF-8"?>
<!-- Generated by org.testng.reporters.JUnitReportReporter -->
<testsuite hostname="TYSS-Varun" failures="0" tests="1" name="CrudOperationOnPetStore.PutPet" time="2.984" errors="0" timestamp="2024-01-18T10:57:55 IST" skipped="0">
  <testcase classname="CrudOperationOnPetStore.PutPet" name="putPet" time="2.984"/>
  <system-out/>
</testsuite> <!-- CrudOperationOnPetStore.PutPet -->
