<?xml version="1.0" encoding="UTF-8"?>
<!-- Generated by org.testng.reporters.JUnitReportReporter -->
<testsuite hostname="TYSS-Varun" failures="0" tests="1" name="API_Validations.StatusCodeValidation" time="2.876" errors="0" timestamp="2024-01-18T15:01:54 IST" skipped="0">
  <testcase classname="API_Validations.StatusCodeValidation" name="statusCodeValidation" time="2.876"/>
  <system-out/>
</testsuite> <!-- API_Validations.StatusCodeValidation -->
