<?xml version="1.0" encoding="UTF-8"?>
<!-- Generated by org.testng.reporters.JUnitReportReporter -->
<testsuite hostname="TYSS-Varun" failures="0" tests="1" name="CrudOperationOnPetStore.PostPet" time="3.156" errors="0" timestamp="2024-01-17T14:54:25 IST" skipped="0">
  <testcase classname="CrudOperationOnPetStore.PostPet" name="postPet" time="3.156"/>
  <system-out/>
</testsuite> <!-- CrudOperationOnPetStore.PostPet -->
