<?xml version="1.0" encoding="UTF-8"?>
<!-- Generated by org.testng.reporters.JUnitReportReporter -->
<testsuite hostname="TYSS-Varun" failures="0" tests="1" name="CrudOperationOnPetStore.GetPetByStatus" time="2.665" errors="0" timestamp="2024-01-17T12:45:38 IST" skipped="0">
  <testcase classname="CrudOperationOnPetStore.GetPetByStatus" name="findById" time="2.665"/>
  <system-out/>
</testsuite> <!-- CrudOperationOnPetStore.GetPetByStatus -->
