<?xml version="1.0" encoding="UTF-8"?>
<!-- Generated by org.testng.reporters.JUnitReportReporter -->
<testsuite hostname="TYSS-Varun" failures="0" tests="1" name="CrudOperationOnPetStore.PutPet" time="4.741" errors="0" timestamp="2024-01-18T13:07:45 IST" skipped="0">
  <testcase classname="CrudOperationOnPetStore.PutPet" name="putPet" time="4.741"/>
  <system-out/>
</testsuite> <!-- CrudOperationOnPetStore.PutPet -->
