<?xml version="1.0" encoding="UTF-8"?>
<!-- Generated by org.testng.reporters.JUnitReportReporter -->
<testsuite hostname="TYSS-Varun" failures="0" tests="1" name="CrudOperationOnPetStore.PostPet" time="4.026" errors="0" timestamp="2024-01-18T12:53:07 IST" skipped="0">
  <testcase classname="CrudOperationOnPetStore.PostPet" name="postPet" time="4.026"/>
  <system-out/>
</testsuite> <!-- CrudOperationOnPetStore.PostPet -->
