<?xml version="1.0" encoding="UTF-8"?>
<!-- Generated by org.testng.reporters.JUnitReportReporter -->
<testsuite hostname="TYSS-Varun" failures="0" tests="1" name="CrudOperationOnPetStore.DeletePetById" time="3.275" errors="0" timestamp="2024-01-17T12:52:57 IST" skipped="0">
  <testcase classname="CrudOperationOnPetStore.DeletePetById" name="deleteById" time="3.275"/>
  <system-out/>
</testsuite> <!-- CrudOperationOnPetStore.DeletePetById -->
