<?xml version="1.0" encoding="UTF-8"?>
<!-- Generated by org.testng.reporters.JUnitReportReporter -->
<testsuite hostname="TYSS-Varun" failures="0" tests="2" name="CrudOperationOnPetStore.GetPetById" time="4.719" errors="0" timestamp="2024-01-18T12:50:46 IST" skipped="0">
  <testcase classname="CrudOperationOnPetStore.GetPetById" name="findById" time="1.049"/>
  <system-out/>
  <testcase classname="CrudOperationOnPetStore.GetPetById" name="postPetBody" time="3.670"/>
  <system-out/>
</testsuite> <!-- CrudOperationOnPetStore.GetPetById -->
