<?xml version="1.0" encoding="UTF-8"?>
<!-- Generated by org.testng.reporters.JUnitReportReporter -->
<testsuite hostname="TYSS-Varun" failures="0" tests="1" name="CrudOperationOnPetStore.GetPetById" time="2.709" errors="0" timestamp="2024-01-17T12:46:36 IST" skipped="0">
  <testcase classname="CrudOperationOnPetStore.GetPetById" name="findById" time="2.709"/>
  <system-out/>
</testsuite> <!-- CrudOperationOnPetStore.GetPetById -->
