<?xml version="1.0" encoding="UTF-8"?>
<!-- Generated by org.testng.reporters.JUnitReportReporter -->
<testsuite hostname="TYSS-Varun" failures="0" tests="2" name="PetStoreFrameWork.PetTest" time="4.124" errors="0" timestamp="2024-01-17T18:20:06 IST" skipped="0">
  <testcase classname="PetStoreFrameWork.PetTest" name="postPet" time="2.552"/>
  <system-out/>
  <testcase classname="PetStoreFrameWork.PetTest" name="GetPetAfterPost" time="1.572"/>
  <system-out/>
</testsuite> <!-- PetStoreFrameWork.PetTest -->
